In file included from ../ext/bson.cc:36:
In file included from ../ext/bson.h:17:
../../../../nan/nan.h:342:68: error: too many arguments to function call, expected at most 2, have 4
    return v8::Signature::New(v8::Isolate::GetCurrent(), receiver, argc, argv);
           ~~~~~~~~~~~~~~~~~~                                      ^~~~~~~~~~
/Users/TranTrong/.node-gyp/6.3.1/include/node/v8.h:4798:3: note: 'New' declared here
  static Local<Signature> New(
  ^
In file included from ../ext/bson.cc:36:
In file included from ../ext/bson.h:17:
../../../../nan/nan.h:424:3: error: redefinition of 'NanNew'
  NanNew<v8::StringObject, v8::Handle<v8::String> >(
  ^
../../../../nan/nan.h:417:3: note: previous definition is here
  NanNew<v8::StringObject, v8::Local<v8::String> >(
  ^
../../../../nan/nan.h:442:36: error: redefinition of 'NanNew'
  NAN_INLINE v8::Local<v8::RegExp> NanNew(
                                   ^
../../../../nan/nan.h:436:36: note: previous definition is here
  NAN_INLINE v8::Local<v8::RegExp> NanNew(
                                   ^
../../../../nan/nan.h:454:36: error: redefinition of 'NanNew'
  NAN_INLINE v8::Local<v8::RegExp> NanNew(
                                   ^
../../../../nan/nan.h:448:36: note: previous definition is here
  NAN_INLINE v8::Local<v8::RegExp> NanNew(
                                   ^
../../../../nan/nan.h:623:19: error: no type named 'ExternalAsciiStringResource' in 'v8::String'; did you mean 'ExternalStringResource'?
      v8::String::ExternalAsciiStringResource *resource) {
      ~~~~~~~~~~~~^~~~~~~~~~~~~~~~~~~~~~~~~~~
                  ExternalStringResource
/Users/TranTrong/.node-gyp/6.3.1/include/node/v8.h:2230:19: note: 'ExternalStringResource' declared here
  class V8_EXPORT ExternalStringResource
                  ^
In file included from ../ext/bson.cc:36:
In file included from ../ext/bson.h:17:
../../../../nan/nan.h:622:36: error: redefinition of 'NanNew'
  NAN_INLINE v8::Local<v8::String> NanNew(
                                   ^
../../../../nan/nan.h:617:36: note: previous definition is here
  NAN_INLINE v8::Local<v8::String> NanNew(
                                   ^
../../../../nan/nan.h:637:27: error: redefinition of '_NanEscapeScopeHelper'
  NAN_INLINE v8::Local<T> _NanEscapeScopeHelper(v8::Local<T> val) {
                          ^
../../../../nan/nan.h:632:27: note: previous definition is here
  NAN_INLINE v8::Local<T> _NanEscapeScopeHelper(v8::Handle<T> val) {
                          ^
../../../../nan/nan.h:653:12: error: no matching function for call to '_NanEscapeScopeHelper'
    return NanEscapeScope(NanNew(v8::Undefined(v8::Isolate::GetCurrent())));
           ^~~~~~~~~~~~~~~~~~~~~~~~~~~~~~~~~~~~~~~~~~~~~~~~~~~~~~~~~~~~~~~~
../../../../nan/nan.h:641:43: note: expanded from macro 'NanEscapeScope'
# define NanEscapeScope(val) scope.Escape(_NanEscapeScopeHelper(val))
                                          ^~~~~~~~~~~~~~~~~~~~~
../../../../nan/nan.h:637:27: note: candidate template ignored: substitution failure [with T = v8::Primitive]
  NAN_INLINE v8::Local<T> _NanEscapeScopeHelper(v8::Local<T> val) {
                          ^
../../../../nan/nan.h:658:12: error: no matching function for call to '_NanEscapeScopeHelper'
    return NanEscapeScope(NanNew(v8::Null(v8::Isolate::GetCurrent())));
           ^~~~~~~~~~~~~~~~~~~~~~~~~~~~~~~~~~~~~~~~~~~~~~~~~~~~~~~~~~~
../../../../nan/nan.h:641:43: note: expanded from macro 'NanEscapeScope'
# define NanEscapeScope(val) scope.Escape(_NanEscapeScopeHelper(val))
                                          ^~~~~~~~~~~~~~~~~~~~~
../../../../nan/nan.h:637:27: note: candidate template ignored: substitution failure [with T = v8::Primitive]
  NAN_INLINE v8::Local<T> _NanEscapeScopeHelper(v8::Local<T> val) {
                          ^
../../../../nan/nan.h:663:12: error: no matching function for call to '_NanEscapeScopeHelper'
    return NanEscapeScope(NanNew(v8::True(v8::Isolate::GetCurrent())));
           ^~~~~~~~~~~~~~~~~~~~~~~~~~~~~~~~~~~~~~~~~~~~~~~~~~~~~~~~~~~
../../../../nan/nan.h:641:43: note: expanded from macro 'NanEscapeScope'
# define NanEscapeScope(val) scope.Escape(_NanEscapeScopeHelper(val))
                                          ^~~~~~~~~~~~~~~~~~~~~
../../../../nan/nan.h:637:27: note: candidate template ignored: substitution failure [with T = v8::Boolean]
  NAN_INLINE v8::Local<T> _NanEscapeScopeHelper(v8::Local<T> val) {
                          ^
../../../../nan/nan.h:668:12: error: no matching function for call to '_NanEscapeScopeHelper'
    return NanEscapeScope(NanNew(v8::False(v8::Isolate::GetCurrent())));
           ^~~~~~~~~~~~~~~~~~~~~~~~~~~~~~~~~~~~~~~~~~~~~~~~~~~~~~~~~~~~
../../../../nan/nan.h:641:43: note: expanded from macro 'NanEscapeScope'
# define NanEscapeScope(val) scope.Escape(_NanEscapeScopeHelper(val))
                                          ^~~~~~~~~~~~~~~~~~~~~
../../../../nan/nan.h:637:27: note: candidate template ignored: substitution failure [with T = v8::Boolean]
  NAN_INLINE v8::Local<T> _NanEscapeScopeHelper(v8::Local<T> val) {
                          ^
../../../../nan/nan.h:701:20: error: no type named 'GCEpilogueCallback' in 'v8::Isolate'
      v8::Isolate::GCEpilogueCallback callback
      ~~~~~~~~~~~~~^
../../../../nan/nan.h:707:20: error: no type named 'GCEpilogueCallback' in 'v8::Isolate'
      v8::Isolate::GCEpilogueCallback callback) {
      ~~~~~~~~~~~~~^
../../../../nan/nan.h:712:20: error: no type named 'GCPrologueCallback' in 'v8::Isolate'
      v8::Isolate::GCPrologueCallback callback
      ~~~~~~~~~~~~~^
../../../../nan/nan.h:718:20: error: no type named 'GCPrologueCallback' in 'v8::Isolate'
      v8::Isolate::GCPrologueCallback callback) {
      ~~~~~~~~~~~~~^
../../../../nan/nan.h:889:13: error: no member named 'smalloc' in namespace 'node'
    , node::smalloc::FreeCallback callback
      ~~~~~~^
../../../../nan/nan.h:900:12: error: no matching function for call to 'New'
    return node::Buffer::New(v8::Isolate::GetCurrent(), data, size);
           ^~~~~~~~~~~~~~~~~
/Users/TranTrong/.node-gyp/6.3.1/include/node/node_buffer.h:46:40: note: candidate function not viable: 2nd argument ('const char *') would lose const qualifier
NODE_EXTERN v8::MaybeLocal<v8::Object> New(v8::Isolate* isolate,
                                       ^
/Users/TranTrong/.node-gyp/6.3.1/include/node/node_buffer.h:34:40: note: candidate function not viable: no known conversion from 'const char *' to 'v8::Local<v8::String>' for 2nd argument
NODE_EXTERN v8::MaybeLocal<v8::Object> New(v8::Isolate* isolate,
                                       ^
/Users/TranTrong/.node-gyp/6.3.1/include/node/node_buffer.h:31:40: note: candidate function not viable: requires 2 arguments, but 3 were provided
NODE_EXTERN v8::MaybeLocal<v8::Object> New(v8::Isolate* isolate, size_t length);
                                       ^
/Users/TranTrong/.node-gyp/6.3.1/include/node/node_buffer.h:39:40: note: candidate function not viable: requires 5 arguments, but 3 were provided
NODE_EXTERN v8::MaybeLocal<v8::Object> New(v8::Isolate* isolate,
                                       ^
In file included from ../ext/bson.cc:36:
In file included from ../ext/bson.h:17:
../../../../nan/nan.h:904:12: error: no viable conversion from returned value of type 'v8::MaybeLocal<v8::Object>' to function return type 'v8::Local<v8::Object>'
    return node::Buffer::New(v8::Isolate::GetCurrent(), size);
           ^~~~~~~~~~~~~~~~~~~~~~~~~~~~~~~~~~~~~~~~~~~~~~~~~~
/Users/TranTrong/.node-gyp/6.3.1/include/node/v8.h:216:7: note: candidate constructor (the implicit copy constructor) not viable: no known conversion from 'v8::MaybeLocal<v8::Object>' to 'const v8::Local<v8::Object> &' for 1st argument
class Local {
      ^
/Users/TranTrong/.node-gyp/6.3.1/include/node/v8.h:216:7: note: candidate constructor (the implicit move constructor) not viable: no known conversion from 'v8::MaybeLocal<v8::Object>' to 'v8::Local<v8::Object> &&' for 1st argument
/Users/TranTrong/.node-gyp/6.3.1/include/node/v8.h:220:13: note: candidate template ignored: could not match 'Local' against 'MaybeLocal'
  V8_INLINE Local(Local<S> that)
            ^
In file included from ../ext/bson.cc:36:
In file included from ../ext/bson.h:17:
../../../../nan/nan.h:911:26: error: no member named 'Use' in namespace 'node::Buffer'
    return node::Buffer::Use(v8::Isolate::GetCurrent(), data, size);
           ~~~~~~~~~~~~~~^
fatal error: too many errors emitted, stopping now [-ferror-limit=]
20 errors generated.
make: *** [Release/obj.target/bson/ext/bson.o] Error 1
gyp ERR! build error 
gyp ERR! stack Error: `make` failed with exit code: 2
gyp ERR! stack     at ChildProcess.onExit (/usr/local/lib/node_modules/npm/node_modules/node-gyp/lib/build.js:276:23)
gyp ERR! stack     at emitTwo (events.js:106:13)
gyp ERR! stack     at ChildProcess.emit (events.js:191:7)
gyp ERR! stack     at Process.ChildProcess._handle.onexit (internal/child_process.js:204:12)
gyp ERR! System Darwin 15.6.0
gyp ERR! command "/usr/local/bin/node" "/usr/local/lib/node_modules/npm/node_modules/node-gyp/bin/node-gyp.js" "rebuild"
gyp ERR! cwd /Users/TranTrong/Documents/NodeJS/NodeTutorial/node_modules/mongodb/node_modules/bson
gyp ERR! node -v v6.3.1
gyp ERR! node-gyp -v v3.3.1
gyp ERR! not ok 
